#
# A fatal error has been detected by the Java Runtime Environment:
#
#  Internal Error (javaClasses.cpp:129), pid=8085, tid=140508748871424
#  fatal error: Invalid layout of preloaded class
#
# JRE version: 7.0_21-b02
# Java VM: OpenJDK 64-Bit Server VM (23.7-b01 mixed mode linux-amd64 compressed oops)
# Failed to write core dump. Core dumps have been disabled. To enable core dumping, try "ulimit -c unlimited" before starting Java again
#
# If you would like to submit a bug report, please include
# instructions on how to reproduce the bug and visit:
#   https://bugs.launchpad.net/ubuntu/+source/openjdk-7/
#

---------------  T H R E A D  ---------------

Current thread (0x00007fcab4009800):  JavaThread "Unknown thread" [_thread_in_vm, id=8091, stack(0x00007fcabe007000,0x00007fcabe108000)]

Stack: [0x00007fcabe007000,0x00007fcabe108000],  sp=0x00007fcabe106930,  free space=1022k
Native frames: (J=compiled Java code, j=interpreted, Vv=VM code, C=native code)
V  [libjvm.so+0x83de79]  VMError::report_and_die()+0x169
V  [libjvm.so+0x3e88d3]  report_fatal(char const*, int, char const*)+0x53
V  [libjvm.so+0x51e583]  compute_offset(int&, klassOopDesc*, Symbol*, Symbol*, bool)+0x123
V  [libjvm.so+0x51e809]  java_lang_String::compute_offsets()+0x39
V  [libjvm.so+0x7cd00d]  SystemDictionary::initialize_preloaded_classes(Thread*)+0x3d
V  [libjvm.so+0x81a333]  Universe::genesis(Thread*)+0x443
V  [libjvm.so+0x81a7e2]  universe2_init()+0x32
V  [libjvm.so+0x4d23ca]  init_globals()+0x9a
V  [libjvm.so+0x8005bc]  Threads::create_vm(JavaVMInitArgs*, bool*)+0x39c
V  [libjvm.so+0x53c1ba]  JNI_CreateJavaVM+0x5a
C  [libjli.so+0x2a17]  __strcat_chk+0x2a17


---------------  P R O C E S S  ---------------

Java Threads: ( => current thread )

Other Threads:

=>0x00007fcab4009800 (exited) JavaThread "Unknown thread" [_thread_in_vm, id=8091, stack(0x00007fcabe007000,0x00007fcabe108000)]

VM state:not at safepoint (not fully initialized)

VM Mutex/Monitor currently owned by a thread: None

GC Heap History (0 events):
No events

Deoptimization events (0 events):
No events

Internal exceptions (0 events):
No events

Events (10 events):
Event: 0.009 loading class 0x00007fcab402b610 done
Event: 0.010 loading class 0x00007fcab402aeb0 done
Event: 0.010 loading class 0x00007fcab402ae80
Event: 0.010 loading class 0x00007fcab4056050
Event: 0.010 loading class 0x00007fcab4056050 done
Event: 0.010 loading class 0x00007fcab4056090
Event: 0.010 loading class 0x00007fcab4056090 done
Event: 0.010 loading class 0x00007fcab40560d0
Event: 0.010 loading class 0x00007fcab40560d0 done
Event: 0.010 loading class 0x00007fcab402ae80 done


Dynamic libraries:
00400000-00401000 r-xp 00000000 07:00 4458328                            /usr/lib/jvm/java-7-openjdk-amd64/jre/bin/java
00600000-00601000 r--p 00000000 07:00 4458328                            /usr/lib/jvm/java-7-openjdk-amd64/jre/bin/java
00601000-00602000 rw-p 00001000 07:00 4458328                            /usr/lib/jvm/java-7-openjdk-amd64/jre/bin/java
0231d000-0233e000 rw-p 00000000 00:00 0                                  [heap]
779a00000-77aec0000 rw-p 00000000 00:00 0 
77aec0000-784000000 rw-p 00000000 00:00 0 
784000000-7892b0000 rw-p 00000000 00:00 0 
7892b0000-7d6ab0000 rw-p 00000000 00:00 0 
7d6ab0000-7d9400000 rw-p 00000000 00:00 0 
7d9400000-800000000 rw-p 00000000 00:00 0 
7fcaa0000000-7fcaa0021000 rw-p 00000000 00:00 0 
7fcaa0021000-7fcaa4000000 ---p 00000000 00:00 0 
7fcaa4000000-7fcaa4021000 rw-p 00000000 00:00 0 
7fcaa4021000-7fcaa8000000 ---p 00000000 00:00 0 
7fcaa8000000-7fcaa8021000 rw-p 00000000 00:00 0 
7fcaa8021000-7fcaac000000 ---p 00000000 00:00 0 
7fcaaccd0000-7fcab1000000 rw-p 00000000 00:00 0 
7fcab1000000-7fcab1270000 rwxp 00000000 00:00 0 
7fcab1270000-7fcab405d000 rw-p 00000000 00:00 0 
7fcab405d000-7fcab8000000 ---p 00000000 00:00 0 
7fcab8ebc000-7fcab90ef000 rw-p 00000000 00:00 0 
7fcab90ef000-7fcab91b4000 r--s 0115c000 07:00 3280712                    /home/pyemus/Downloads/android-sdk-linux/platforms/android-17/android.jar
7fcab91b4000-7fcaba2a8000 rw-p 00000000 00:00 0 
7fcaba2a8000-7fcaba2a9000 ---p 00000000 00:00 0 
7fcaba2a9000-7fcaba3a9000 rw-p 00000000 00:00 0 
7fcaba3a9000-7fcaba3aa000 ---p 00000000 00:00 0 
7fcaba3aa000-7fcaba4aa000 rw-p 00000000 00:00 0 
7fcaba4aa000-7fcaba4ab000 ---p 00000000 00:00 0 
7fcaba4ab000-7fcaba5ab000 rw-p 00000000 00:00 0 
7fcaba5ab000-7fcaba5ac000 ---p 00000000 00:00 0 
7fcaba5ac000-7fcaba6b7000 rw-p 00000000 00:00 0 
7fcaba6b7000-7fcaba6ff000 rw-p 00000000 00:00 0 
7fcaba6ff000-7fcaba729000 rw-p 00000000 00:00 0 
7fcaba729000-7fcaba995000 rw-p 00000000 00:00 0 
7fcaba995000-7fcaba9a0000 rw-p 00000000 00:00 0 
7fcaba9a0000-7fcaba9e8000 rw-p 00000000 00:00 0 
7fcaba9e8000-7fcabaa12000 rw-p 00000000 00:00 0 
7fcabaa12000-7fcabac7d000 rw-p 00000000 00:00 0 
7fcabac7d000-7fcabac92000 rw-p 00000000 00:00 0 
7fcabac92000-7fcabadc8000 rw-p 00000000 00:00 0 
7fcabadc8000-7fcabadc9000 rw-p 00000000 00:00 0 
7fcabadc9000-7fcabadd1000 r-xp 00000000 07:00 4458273                    /usr/lib/jvm/java-7-openjdk-amd64/jre/lib/amd64/libzip.so
7fcabadd1000-7fcabafd0000 ---p 00008000 07:00 4458273                    /usr/lib/jvm/java-7-openjdk-amd64/jre/lib/amd64/libzip.so
7fcabafd0000-7fcabafd1000 r--p 00007000 07:00 4458273                    /usr/lib/jvm/java-7-openjdk-amd64/jre/lib/amd64/libzip.so
7fcabafd1000-7fcabafd2000 rw-p 00008000 07:00 4458273                    /usr/lib/jvm/java-7-openjdk-amd64/jre/lib/amd64/libzip.so
7fcabafd2000-7fcabafde000 r-xp 00000000 07:00 1725680                    /lib/x86_64-linux-gnu/libnss_files-2.15.so
7fcabafde000-7fcabb1dd000 ---p 0000c000 07:00 1725680                    /lib/x86_64-linux-gnu/libnss_files-2.15.so
7fcabb1dd000-7fcabb1de000 r--p 0000b000 07:00 1725680                    /lib/x86_64-linux-gnu/libnss_files-2.15.so
7fcabb1de000-7fcabb1df000 rw-p 0000c000 07:00 1725680                    /lib/x86_64-linux-gnu/libnss_files-2.15.so
7fcabb1df000-7fcabb1e9000 r-xp 00000000 07:00 1725676                    /lib/x86_64-linux-gnu/libnss_nis-2.15.so
7fcabb1e9000-7fcabb3e9000 ---p 0000a000 07:00 1725676                    /lib/x86_64-linux-gnu/libnss_nis-2.15.so
7fcabb3e9000-7fcabb3ea000 r--p 0000a000 07:00 1725676                    /lib/x86_64-linux-gnu/libnss_nis-2.15.so
7fcabb3ea000-7fcabb3eb000 rw-p 0000b000 07:00 1725676                    /lib/x86_64-linux-gnu/libnss_nis-2.15.so
7fcabb3eb000-7fcabb402000 r-xp 00000000 07:00 1725689                    /lib/x86_64-linux-gnu/libnsl-2.15.so
7fcabb402000-7fcabb601000 ---p 00017000 07:00 1725689                    /lib/x86_64-linux-gnu/libnsl-2.15.so
7fcabb601000-7fcabb602000 r--p 00016000 07:00 1725689                    /lib/x86_64-linux-gnu/libnsl-2.15.so
7fcabb602000-7fcabb603000 rw-p 00017000 07:00 1725689                    /lib/x86_64-linux-gnu/libnsl-2.15.so
7fcabb603000-7fcabb605000 rw-p 00000000 00:00 0 
7fcabb605000-7fcabb60d000 r-xp 00000000 07:00 1725681                    /lib/x86_64-linux-gnu/libnss_compat-2.15.so
7fcabb60d000-7fcabb80c000 ---p 00008000 07:00 1725681                    /lib/x86_64-linux-gnu/libnss_compat-2.15.so
7fcabb80c000-7fcabb80d000 r--p 00007000 07:00 1725681                    /lib/x86_64-linux-gnu/libnss_compat-2.15.so
7fcabb80d000-7fcabb80e000 rw-p 00008000 07:00 1725681                    /lib/x86_64-linux-gnu/libnss_compat-2.15.so
7fcabb80e000-7fcabb837000 r-xp 00000000 07:00 4458272                    /usr/lib/jvm/java-7-openjdk-amd64/jre/lib/amd64/libjava.so
7fcabb837000-7fcabba36000 ---p 00029000 07:00 4458272                    /usr/lib/jvm/java-7-openjdk-amd64/jre/lib/amd64/libjava.so
7fcabba36000-7fcabba37000 r--p 00028000 07:00 4458272                    /usr/lib/jvm/java-7-openjdk-amd64/jre/lib/amd64/libjava.so
7fcabba37000-7fcabba39000 rw-p 00029000 07:00 4458272                    /usr/lib/jvm/java-7-openjdk-amd64/jre/lib/amd64/libjava.so
7fcabba39000-7fcabba47000 r-xp 00000000 07:00 4458300                    /usr/lib/jvm/java-7-openjdk-amd64/jre/lib/amd64/libverify.so
7fcabba47000-7fcabbc46000 ---p 0000e000 07:00 4458300                    /usr/lib/jvm/java-7-openjdk-amd64/jre/lib/amd64/libverify.so
7fcabbc46000-7fcabbc48000 r--p 0000d000 07:00 4458300                    /usr/lib/jvm/java-7-openjdk-amd64/jre/lib/amd64/libverify.so
7fcabbc48000-7fcabbc49000 rw-p 0000f000 07:00 4458300                    /usr/lib/jvm/java-7-openjdk-amd64/jre/lib/amd64/libverify.so
7fcabbc49000-7fcabbc50000 r-xp 00000000 07:00 1725674                    /lib/x86_64-linux-gnu/librt-2.15.so
7fcabbc50000-7fcabbe4f000 ---p 00007000 07:00 1725674                    /lib/x86_64-linux-gnu/librt-2.15.so
7fcabbe4f000-7fcabbe50000 r--p 00006000 07:00 1725674                    /lib/x86_64-linux-gnu/librt-2.15.so
7fcabbe50000-7fcabbe51000 rw-p 00007000 07:00 1725674                    /lib/x86_64-linux-gnu/librt-2.15.so
7fcabbe51000-7fcabbe66000 r-xp 00000000 07:00 1708303                    /lib/x86_64-linux-gnu/libgcc_s.so.1
7fcabbe66000-7fcabc065000 ---p 00015000 07:00 1708303                    /lib/x86_64-linux-gnu/libgcc_s.so.1
7fcabc065000-7fcabc066000 r--p 00014000 07:00 1708303                    /lib/x86_64-linux-gnu/libgcc_s.so.1
7fcabc066000-7fcabc067000 rw-p 00015000 07:00 1708303                    /lib/x86_64-linux-gnu/libgcc_s.so.1
7fcabc067000-7fcabc162000 r-xp 00000000 07:00 1725678                    /lib/x86_64-linux-gnu/libm-2.15.so
7fcabc162000-7fcabc361000 ---p 000fb000 07:00 1725678                    /lib/x86_64-linux-gnu/libm-2.15.so
7fcabc361000-7fcabc362000 r--p 000fa000 07:00 1725678                    /lib/x86_64-linux-gnu/libm-2.15.so
7fcabc362000-7fcabc363000 rw-p 000fb000 07:00 1725678                    /lib/x86_64-linux-gnu/libm-2.15.so
7fcabc363000-7fcabc445000 r-xp 00000000 07:00 4466733                    /usr/lib/x86_64-linux-gnu/libstdc++.so.6.0.16
7fcabc445000-7fcabc644000 ---p 000e2000 07:00 4466733                    /usr/lib/x86_64-linux-gnu/libstdc++.so.6.0.16
7fcabc644000-7fcabc64c000 r--p 000e1000 07:00 4466733                    /usr/lib/x86_64-linux-gnu/libstdc++.so.6.0.16
7fcabc64c000-7fcabc64e000 rw-p 000e9000 07:00 4466733                    /usr/lib/x86_64-linux-gnu/libstdc++.so.6.0.16
7fcabc64e000-7fcabc663000 rw-p 00000000 00:00 0 
7fcabc663000-7fcabd03d000 r-xp 00000000 07:00 4458288                    /usr/lib/jvm/java-7-openjdk-amd64/jre/lib/amd64/server/libjvm.so
7fcabd03d000-7fcabd23c000 ---p 009da000 07:00 4458288                    /usr/lib/jvm/java-7-openjdk-amd64/jre/lib/amd64/server/libjvm.so
7fcabd23c000-7fcabd2bb000 r--p 009d9000 07:00 4458288                    /usr/lib/jvm/java-7-openjdk-amd64/jre/lib/amd64/server/libjvm.so
7fcabd2bb000-7fcabd2de000 rw-p 00a58000 07:00 4458288                    /usr/lib/jvm/java-7-openjdk-amd64/jre/lib/amd64/server/libjvm.so
7fcabd2de000-7fcabd308000 rw-p 00000000 00:00 0 
7fcabd308000-7fcabd31e000 r-xp 00000000 07:00 1708352                    /lib/x86_64-linux-gnu/libz.so.1.2.3.4
7fcabd31e000-7fcabd51d000 ---p 00016000 07:00 1708352                    /lib/x86_64-linux-gnu/libz.so.1.2.3.4
7fcabd51d000-7fcabd51e000 r--p 00015000 07:00 1708352                    /lib/x86_64-linux-gnu/libz.so.1.2.3.4
7fcabd51e000-7fcabd51f000 rw-p 00016000 07:00 1708352                    /lib/x86_64-linux-gnu/libz.so.1.2.3.4
7fcabd51f000-7fcabd537000 r-xp 00000000 07:00 1725672                    /lib/x86_64-linux-gnu/libpthread-2.15.so
7fcabd537000-7fcabd736000 ---p 00018000 07:00 1725672                    /lib/x86_64-linux-gnu/libpthread-2.15.so
7fcabd736000-7fcabd737000 r--p 00017000 07:00 1725672                    /lib/x86_64-linux-gnu/libpthread-2.15.so
7fcabd737000-7fcabd738000 rw-p 00018000 07:00 1725672                    /lib/x86_64-linux-gnu/libpthread-2.15.so
7fcabd738000-7fcabd73c000 rw-p 00000000 00:00 0 
7fcabd73c000-7fcabd73e000 r-xp 00000000 07:00 1725669                    /lib/x86_64-linux-gnu/libdl-2.15.so
7fcabd73e000-7fcabd93e000 ---p 00002000 07:00 1725669                    /lib/x86_64-linux-gnu/libdl-2.15.so
7fcabd93e000-7fcabd93f000 r--p 00002000 07:00 1725669                    /lib/x86_64-linux-gnu/libdl-2.15.so
7fcabd93f000-7fcabd940000 rw-p 00003000 07:00 1725669                    /lib/x86_64-linux-gnu/libdl-2.15.so
7fcabd940000-7fcabdaf5000 r-xp 00000000 07:00 1725670                    /lib/x86_64-linux-gnu/libc-2.15.so
7fcabdaf5000-7fcabdcf4000 ---p 001b5000 07:00 1725670                    /lib/x86_64-linux-gnu/libc-2.15.so
7fcabdcf4000-7fcabdcf8000 r--p 001b4000 07:00 1725670                    /lib/x86_64-linux-gnu/libc-2.15.so
7fcabdcf8000-7fcabdcfa000 rw-p 001b8000 07:00 1725670                    /lib/x86_64-linux-gnu/libc-2.15.so
7fcabdcfa000-7fcabdcff000 rw-p 00000000 00:00 0 
7fcabdcff000-7fcabdd0c000 r-xp 00000000 07:00 4458303                    /usr/lib/jvm/java-7-openjdk-amd64/jre/lib/amd64/jli/libjli.so
7fcabdd0c000-7fcabdf0b000 ---p 0000d000 07:00 4458303                    /usr/lib/jvm/java-7-openjdk-amd64/jre/lib/amd64/jli/libjli.so
7fcabdf0b000-7fcabdf0c000 r--p 0000c000 07:00 4458303                    /usr/lib/jvm/java-7-openjdk-amd64/jre/lib/amd64/jli/libjli.so
7fcabdf0c000-7fcabdf0d000 rw-p 0000d000 07:00 4458303                    /usr/lib/jvm/java-7-openjdk-amd64/jre/lib/amd64/jli/libjli.so
7fcabdf0d000-7fcabdf2f000 r-xp 00000000 07:00 1725684                    /lib/x86_64-linux-gnu/ld-2.15.so
7fcabdf47000-7fcabdf51000 rw-p 00000000 00:00 0 
7fcabdf51000-7fcabe007000 rw-p 00000000 00:00 0 
7fcabe007000-7fcabe00a000 ---p 00000000 00:00 0 
7fcabe00a000-7fcabe10d000 rw-p 00000000 00:00 0 
7fcabe121000-7fcabe123000 rw-p 00000000 00:00 0 
7fcabe123000-7fcabe12b000 rw-s 00000000 07:00 538060                     /tmp/hsperfdata_pyemus/8085
7fcabe12b000-7fcabe12c000 rw-p 00000000 00:00 0 
7fcabe12c000-7fcabe12d000 r--p 00000000 00:00 0 
7fcabe12d000-7fcabe12f000 rw-p 00000000 00:00 0 
7fcabe12f000-7fcabe130000 r--p 00022000 07:00 1725684                    /lib/x86_64-linux-gnu/ld-2.15.so
7fcabe130000-7fcabe132000 rw-p 00023000 07:00 1725684                    /lib/x86_64-linux-gnu/ld-2.15.so
7fff31b92000-7fff31bb3000 rw-p 00000000 00:00 0                          [stack]
7fff31bff000-7fff31c00000 r-xp 00000000 00:00 0                          [vdso]
ffffffffff600000-ffffffffff601000 r-xp 00000000 00:00 0                  [vsyscall]
7fff31bff000-7fff31c00000 r-xp 00000000 00:00 0                          [vdso]
ffffffffff600000-ffffffffff601000 r-xp 00000000 00:00 0                  [vsyscall]

VM Arguments:
jvm_args: -Dfile.encoding=UTF-8 -Xbootclasspath:/home/pyemus/Downloads/android-sdk-linux/platforms/android-17/android.jar 
java_command: org.eclipse.jdt.internal.junit.runner.RemoteTestRunner -version 3 -port 56952 -testLoaderClass org.eclipse.jdt.internal.junit.runner.junit3.JUnit3TestLoader -loaderpluginname org.eclipse.jdt.junit.runtime -classNames aktiviteter.testing
Launcher Type: SUN_STANDARD

Environment Variables:
PATH=/opt/eclipse/:/home/pyemus/Downloads/android-sdk-linux/platform-tools/:/usr/lib/lightdm/lightdm:/usr/local/sbin:/usr/local/bin:/usr/sbin:/usr/bin:/sbin:/bin:/usr/games
LD_LIBRARY_PATH=/usr/lib/jvm/java-7-openjdk-amd64/jre/lib/amd64/server:/usr/lib/jvm/java-7-openjdk-amd64/jre/lib/amd64:/usr/lib/jvm/java-7-openjdk-amd64/jre/../lib/amd64:/usr/lib/jvm/java-6-openjdk-amd64/jre/lib/amd64/server:/usr/lib/jvm/java-6-openjdk-amd64/jre/lib/amd64:/usr/lib/jvm/java-6-openjdk-amd64/jre/../lib/amd64
SHELL=/bin/bash
DISPLAY=:0

Signal Handlers:
SIGSEGV: [libjvm.so+0x83e8f0], sa_mask[0]=0x7ffbfeff, sa_flags=0x10000004
SIGBUS: [libjvm.so+0x83e8f0], sa_mask[0]=0x7ffbfeff, sa_flags=0x10000004
SIGFPE: [libjvm.so+0x6df160], sa_mask[0]=0x7ffbfeff, sa_flags=0x10000004
SIGPIPE: [libjvm.so+0x6df160], sa_mask[0]=0x7ffbfeff, sa_flags=0x10000004
SIGXFSZ: [libjvm.so+0x6df160], sa_mask[0]=0x7ffbfeff, sa_flags=0x10000004
SIGILL: [libjvm.so+0x6df160], sa_mask[0]=0x7ffbfeff, sa_flags=0x10000004
SIGUSR1: SIG_DFL, sa_mask[0]=0x00000000, sa_flags=0x00000000
SIGUSR2: [libjvm.so+0x6df5a0], sa_mask[0]=0x00000004, sa_flags=0x10000004
SIGHUP: SIG_DFL, sa_mask[0]=0x00000000, sa_flags=0x00000000
SIGINT: SIG_DFL, sa_mask[0]=0x00000000, sa_flags=0x00000000
SIGTERM: SIG_DFL, sa_mask[0]=0x00000000, sa_flags=0x00000000
SIGQUIT: SIG_DFL, sa_mask[0]=0x00000000, sa_flags=0x00000000


---------------  S Y S T E M  ---------------

OS:Ubuntu 12.04 (precise)
uname:Linux 3.2.0-43-generic #68-Ubuntu SMP Wed May 15 03:33:33 UTC 2013 x86_64
libc:glibc 2.15 NPTL 2.15 
rlimit: STACK 8192k, CORE 0k, NPROC 63334, NOFILE 4096, AS infinity
load average:1.23 0.68 0.62

/proc/meminfo:
MemTotal:        8124420 kB
MemFree:          151500 kB
Buffers:         1729712 kB
Cached:          3256804 kB
SwapCached:            0 kB
Active:          3617080 kB
Inactive:        4008836 kB
Active(anon):    2575592 kB
Inactive(anon):   479724 kB
Active(file):    1041488 kB
Inactive(file):  3529112 kB
Unevictable:          20 kB
Mlocked:              20 kB
SwapTotal:        262140 kB
SwapFree:         261940 kB
Dirty:              9092 kB
Writeback:            64 kB
AnonPages:       2639360 kB
Mapped:           195900 kB
Shmem:            415916 kB
Slab:             182844 kB
SReclaimable:     151064 kB
SUnreclaim:        31780 kB
KernelStack:        4072 kB
PageTables:        35652 kB
NFS_Unstable:          0 kB
Bounce:                0 kB
WritebackTmp:          0 kB
CommitLimit:     4324348 kB
Committed_AS:    5441124 kB
VmallocTotal:   34359738367 kB
VmallocUsed:      569508 kB
VmallocChunk:   34359159292 kB
HardwareCorrupted:     0 kB
AnonHugePages:         0 kB
HugePages_Total:       0
HugePages_Free:        0
HugePages_Rsvd:        0
HugePages_Surp:        0
Hugepagesize:       2048 kB
DirectMap4k:      147456 kB
DirectMap2M:     8189952 kB


CPU:total 4 (2 cores per cpu, 2 threads per core) family 6 model 42 stepping 7, cmov, cx8, fxsr, mmx, sse, sse2, sse3, ssse3, sse4.1, sse4.2, popcnt, avx, ht, tsc, tscinvbit

/proc/cpuinfo:
processor	: 0
vendor_id	: GenuineIntel
cpu family	: 6
model		: 42
model name	: Intel(R) Core(TM) i5-2410M CPU @ 2.30GHz
stepping	: 7
microcode	: 0x1a
cpu MHz		: 2301.000
cache size	: 3072 KB
physical id	: 0
siblings	: 4
core id		: 0
cpu cores	: 2
apicid		: 0
initial apicid	: 0
fpu		: yes
fpu_exception	: yes
cpuid level	: 13
wp		: yes
flags		: fpu vme de pse tsc msr pae mce cx8 apic sep mtrr pge mca cmov pat pse36 clflush dts acpi mmx fxsr sse sse2 ss ht tm pbe syscall nx rdtscp lm constant_tsc arch_perfmon pebs bts rep_good nopl xtopology nonstop_tsc aperfmperf pni pclmulqdq dtes64 monitor ds_cpl vmx est tm2 ssse3 cx16 xtpr pdcm pcid sse4_1 sse4_2 x2apic popcnt tsc_deadline_timer aes xsave avx lahf_lm ida arat epb xsaveopt pln pts dtherm tpr_shadow vnmi flexpriority ept vpid
bogomips	: 4589.85
clflush size	: 64
cache_alignment	: 64
address sizes	: 36 bits physical, 48 bits virtual
power management:

processor	: 1
vendor_id	: GenuineIntel
cpu family	: 6
model		: 42
model name	: Intel(R) Core(TM) i5-2410M CPU @ 2.30GHz
stepping	: 7
microcode	: 0x1a
cpu MHz		: 2300.000
cache size	: 3072 KB
physical id	: 0
siblings	: 4
core id		: 0
cpu cores	: 2
apicid		: 1
initial apicid	: 1
fpu		: yes
fpu_exception	: yes
cpuid level	: 13
wp		: yes
flags		: fpu vme de pse tsc msr pae mce cx8 apic sep mtrr pge mca cmov pat pse36 clflush dts acpi mmx fxsr sse sse2 ss ht tm pbe syscall nx rdtscp lm constant_tsc arch_perfmon pebs bts rep_good nopl xtopology nonstop_tsc aperfmperf pni pclmulqdq dtes64 monitor ds_cpl vmx est tm2 ssse3 cx16 xtpr pdcm pcid sse4_1 sse4_2 x2apic popcnt tsc_deadline_timer aes xsave avx lahf_lm ida arat epb xsaveopt pln pts dtherm tpr_shadow vnmi flexpriority ept vpid
bogomips	: 4589.35
clflush size	: 64
cache_alignment	: 64
address sizes	: 36 bits physical, 48 bits virtual
power management:

processor	: 2
vendor_id	: GenuineIntel
cpu family	: 6
model		: 42
model name	: Intel(R) Core(TM) i5-2410M CPU @ 2.30GHz
stepping	: 7
microcode	: 0x1a
cpu MHz		: 2301.000
cache size	: 3072 KB
physical id	: 0
siblings	: 4
core id		: 1
cpu cores	: 2
apicid		: 2
initial apicid	: 2
fpu		: yes
fpu_exception	: yes
cpuid level	: 13
wp		: yes
flags		: fpu vme de pse tsc msr pae mce cx8 apic sep mtrr pge mca cmov pat pse36 clflush dts acpi mmx fxsr sse sse2 ss ht tm pbe syscall nx rdtscp lm constant_tsc arch_perfmon pebs bts rep_good nopl xtopology nonstop_tsc aperfmperf pni pclmulqdq dtes64 monitor ds_cpl vmx est tm2 ssse3 cx16 xtpr pdcm pcid sse4_1 sse4_2 x2apic popcnt tsc_deadline_timer aes xsave avx lahf_lm ida arat epb xsaveopt pln pts dtherm tpr_shadow vnmi flexpriority ept vpid
bogomips	: 4589.36
clflush size	: 64
cache_alignment	: 64
address sizes	: 36 bits physical, 48 bits virtual
power management:

processor	: 3
vendor_id	: GenuineIntel
cpu family	: 6
model		: 42
model name	: Intel(R) Core(TM) i5-2410M CPU @ 2.30GHz
stepping	: 7
microcode	: 0x1a
cpu MHz		: 2301.000
cache size	: 3072 KB
physical id	: 0
siblings	: 4
core id		: 1
cpu cores	: 2
apicid		: 3
initial apicid	: 3
fpu		: yes
fpu_exception	: yes
cpuid level	: 13
wp		: yes
flags		: fpu vme de pse tsc msr pae mce cx8 apic sep mtrr pge mca cmov pat pse36 clflush dts acpi mmx fxsr sse sse2 ss ht tm pbe syscall nx rdtscp lm constant_tsc arch_perfmon pebs bts rep_good nopl xtopology nonstop_tsc aperfmperf pni pclmulqdq dtes64 monitor ds_cpl vmx est tm2 ssse3 cx16 xtpr pdcm pcid sse4_1 sse4_2 x2apic popcnt tsc_deadline_timer aes xsave avx lahf_lm ida arat epb xsaveopt pln pts dtherm tpr_shadow vnmi flexpriority ept vpid
bogomips	: 4589.36
clflush size	: 64
cache_alignment	: 64
address sizes	: 36 bits physical, 48 bits virtual
power management:



Memory: 4k page, physical 8124420k(151500k free), swap 262140k(261940k free)

vm_info: OpenJDK 64-Bit Server VM (23.7-b01) for linux-amd64 JRE (1.7.0_21-b02), built on Apr 23 2013 13:56:55 by "buildd" with gcc 4.6.3

time: Sun May 19 21:32:13 2013
elapsed time: 0 seconds

